Build started 17/7/2566 10:21:52.
     1>Project "D:\Comepro S3\one one\one one\one one.vcxproj" on node 2 (build target(s)).
     1>InitializeBuildStatus:
         Touching "Debug\one one.unsuccessfulbuild".
       ClCompile:
         C:\Program Files (x86)\Microsoft Visual Studio 10.0\VC\bin\CL.exe /c /ZI /nologo /W3 /WX- /Od /Oy- /D WIN32 /D _DEBUG /D _CONSOLE /D _UNICODE /D UNICODE /Gm /EHsc /RTC1 /MDd /GS /fp:precise /Zc:wchar_t /Zc:forScope /Fo"Debug\\" /Fd"Debug\vc100.pdb" /Gd /TP /analyze- /errorReport:prompt "one one.cpp"
         one one.cpp
       ManifestResourceCompile:
         C:\Program Files (x86)\Microsoft SDKs\Windows\v7.0A\bin\rc.exe /nologo /fo"Debug\one one.exe.embed.manifest.res" "Debug\one one_manifest.rc" 
       Link:
         C:\Program Files (x86)\Microsoft Visual Studio 10.0\VC\bin\link.exe /ERRORREPORT:PROMPT /OUT:"D:\Comepro S3\one one\Debug\one one.exe" /INCREMENTAL /NOLOGO kernel32.lib user32.lib gdi32.lib winspool.lib comdlg32.lib advapi32.lib shell32.lib ole32.lib oleaut32.lib uuid.lib odbc32.lib odbccp32.lib /MANIFEST /ManifestFile:"Debug\one one.exe.intermediate.manifest" /MANIFESTUAC:"level='asInvoker' uiAccess='false'" /DEBUG /PDB:"D:\Comepro S3\one one\Debug\one one.pdb" /SUBSYSTEM:CONSOLE /TLBID:1 /DYNAMICBASE /NXCOMPAT /IMPLIB:"D:\Comepro S3\one one\Debug\one one.lib" /MACHINE:X86 "Debug\one one.exe.embed.manifest.res"
         "Debug\one one.obj"
       Manifest:
         C:\Program Files (x86)\Microsoft SDKs\Windows\v7.0A\bin\mt.exe /nologo /verbose /out:"Debug\one one.exe.embed.manifest" /manifest "Debug\one one.exe.intermediate.manifest"
         C:\Program Files (x86)\Microsoft SDKs\Windows\v7.0A\bin\rc.exe /nologo /fo"Debug\one one.exe.embed.manifest.res" "Debug\one one_manifest.rc" 
       LinkEmbedManifest:
         C:\Program Files (x86)\Microsoft Visual Studio 10.0\VC\bin\link.exe /ERRORREPORT:PROMPT /OUT:"D:\Comepro S3\one one\Debug\one one.exe" /INCREMENTAL /NOLOGO kernel32.lib user32.lib gdi32.lib winspool.lib comdlg32.lib advapi32.lib shell32.lib ole32.lib oleaut32.lib uuid.lib odbc32.lib odbccp32.lib /MANIFEST /ManifestFile:"Debug\one one.exe.intermediate.manifest" /MANIFESTUAC:"level='asInvoker' uiAccess='false'" /DEBUG /PDB:"D:\Comepro S3\one one\Debug\one one.pdb" /SUBSYSTEM:CONSOLE /TLBID:1 /DYNAMICBASE /NXCOMPAT /IMPLIB:"D:\Comepro S3\one one\Debug\one one.lib" /MACHINE:X86 "Debug\one one.exe.embed.manifest.res"
         "Debug\one one.obj"
         one one.vcxproj -> D:\Comepro S3\one one\Debug\one one.exe
       FinalizeBuildStatus:
         Deleting file "Debug\one one.unsuccessfulbuild".
         Touching "Debug\one one.lastbuildstate".
     1>Done Building Project "D:\Comepro S3\one one\one one\one one.vcxproj" (build target(s)).

Build succeeded.

Time Elapsed 00:00:00.86
